<?xml version="1.0" encoding="UTF-8"?>
<!-- Generated by org.testng.reporters.JUnitXMLReporter -->
<testsuite ignored="0" hostname="DESKTOP-O21U291" failures="1" tests="5" name="chromeTest" time="37.459" errors="0" timestamp="2025-01-19T08:08:14 IST">
  <testcase classname="testCases.TC_003_LoginDDT" name="verify_loginDDT" time="4.148"/>
  <testcase classname="testCases.TC_003_LoginDDT" name="verify_loginDDT" time="11.283"/>
  <testcase classname="testCases.TC_003_LoginDDT" name="verify_loginDDT" time="1.73">
    <failure type="java.lang.AssertionError" message="expected [true] but found [false]">
      <![CDATA[java.lang.AssertionError: expected [true] but found [false]
at testCases.TC_003_LoginDDT.verify_loginDDT(TC_003_LoginDDT.java:63)
at java.base/java.util.ArrayList.forEach(ArrayList.java:1511)
... Removed 31 stack frames]]>
    </failure>
  </testcase> <!-- verify_loginDDT -->
  <testcase classname="testCases.TC_003_LoginDDT" name="verify_loginDDT" time="11.178"/>
  <testcase classname="testCases.TC_003_LoginDDT" name="verify_loginDDT" time="1.584"/>
</testsuite> <!-- chromeTest -->
